[debug] [2017-07-01T09:17:33.199Z] ----------------------------------------------------------------------
[debug] [2017-07-01T09:17:33.203Z] Command:      /usr/bin/nodejs /usr/local/bin/firebase deploy
[debug] [2017-07-01T09:17:33.203Z] CLI Version:  3.9.1
[debug] [2017-07-01T09:17:33.204Z] Platform:     linux
[debug] [2017-07-01T09:17:33.204Z] Node Version: v4.2.6
[debug] [2017-07-01T09:17:33.205Z] Time:         Sat Jul 01 2017 14:47:33 GMT+0530 (IST)
[debug] [2017-07-01T09:17:33.205Z] ----------------------------------------------------------------------
[debug] 
[debug] [2017-07-01T09:17:33.217Z] > command requires scopes: ["email","openid","https://www.googleapis.com/auth/cloudplatformprojects.readonly","https://www.googleapis.com/auth/firebase","https://www.googleapis.com/auth/cloud-platform"]
[debug] [2017-07-01T09:17:33.217Z] > authorizing via signed-in user
[debug] [2017-07-01T09:17:33.221Z] >>> HTTP REQUEST GET https://admin.firebase.com/v1/projects/highbrows-26b5b  
 Sat Jul 01 2017 14:47:33 GMT+0530 (IST)
[debug] [2017-07-01T09:17:34.955Z] <<< HTTP RESPONSE 200
[debug] [2017-07-01T09:17:34.956Z] >>> HTTP REQUEST GET https://admin.firebase.com/v1/database/highbrows-26b5b/tokens  
 Sat Jul 01 2017 14:47:34 GMT+0530 (IST)
[debug] [2017-07-01T09:17:36.154Z] <<< HTTP RESPONSE 200
[info] 
[info] === Deploying to 'highbrows-26b5b'...
[info] 
[info] i  deploying database, functions, hosting
[info] ✔  database: rules ready to deploy.
[debug] [2017-07-01T09:17:51.656Z] > [functions] package.json contents: {
  "name": "functions",
  "description": "Cloud Functions for Firebase",
  "dependencies": {
    "firebase-admin": "~4.2.1",
    "firebase-functions": "^0.5.7"
  },
  "private": true
}
[info] i  functions: ensuring necessary APIs are enabled...
[info] i  runtimeconfig: ensuring necessary APIs are enabled...
[debug] [2017-07-01T09:17:51.658Z] >>> HTTP REQUEST GET https://servicemanagement.googleapis.com/v1/services/cloudfunctions.googleapis.com/projectSettings/highbrows-26b5b?view=CONSUMER_VIEW  
 Sat Jul 01 2017 14:47:51 GMT+0530 (IST)
[debug] [2017-07-01T09:17:51.658Z] >>> HTTP REQUEST GET https://servicemanagement.googleapis.com/v1/services/runtimeconfig.googleapis.com/projectSettings/highbrows-26b5b?view=CONSUMER_VIEW  
 Sat Jul 01 2017 14:47:51 GMT+0530 (IST)
[debug] [2017-07-01T09:18:15.076Z] Error: socket hang up
[error] 
[error] Error: Server Error. socket hang up
[debug] [2017-07-01T09:18:25.456Z] ----------------------------------------------------------------------
[debug] [2017-07-01T09:18:25.459Z] Command:      /usr/bin/nodejs /usr/local/bin/firebase deploy
[debug] [2017-07-01T09:18:25.459Z] CLI Version:  3.9.1
[debug] [2017-07-01T09:18:25.459Z] Platform:     linux
[debug] [2017-07-01T09:18:25.459Z] Node Version: v4.2.6
[debug] [2017-07-01T09:18:25.460Z] Time:         Sat Jul 01 2017 14:48:25 GMT+0530 (IST)
[debug] [2017-07-01T09:18:25.460Z] ----------------------------------------------------------------------
[debug] 
[debug] [2017-07-01T09:18:25.474Z] > command requires scopes: ["email","openid","https://www.googleapis.com/auth/cloudplatformprojects.readonly","https://www.googleapis.com/auth/firebase","https://www.googleapis.com/auth/cloud-platform"]
[debug] [2017-07-01T09:18:25.474Z] > authorizing via signed-in user
[debug] [2017-07-01T09:18:25.476Z] >>> HTTP REQUEST GET https://admin.firebase.com/v1/projects/highbrows-26b5b  
 Sat Jul 01 2017 14:48:25 GMT+0530 (IST)
[debug] [2017-07-01T09:18:35.488Z] <<< HTTP RESPONSE 200
[debug] [2017-07-01T09:18:35.489Z] >>> HTTP REQUEST GET https://admin.firebase.com/v1/database/highbrows-26b5b/tokens  
 Sat Jul 01 2017 14:48:35 GMT+0530 (IST)
[debug] [2017-07-01T09:18:36.718Z] <<< HTTP RESPONSE 200
[info] 
[info] === Deploying to 'highbrows-26b5b'...
[info] 
[info] i  deploying database, functions, hosting
[info] ✔  database: rules ready to deploy.
[debug] [2017-07-01T09:19:00.547Z] > [functions] package.json contents: {
  "name": "functions",
  "description": "Cloud Functions for Firebase",
  "dependencies": {
    "firebase-admin": "~4.2.1",
    "firebase-functions": "^0.5.7"
  },
  "private": true
}
[info] i  functions: ensuring necessary APIs are enabled...
[info] i  runtimeconfig: ensuring necessary APIs are enabled...
[debug] [2017-07-01T09:19:00.549Z] >>> HTTP REQUEST GET https://servicemanagement.googleapis.com/v1/services/cloudfunctions.googleapis.com/projectSettings/highbrows-26b5b?view=CONSUMER_VIEW  
 Sat Jul 01 2017 14:49:00 GMT+0530 (IST)
[debug] [2017-07-01T09:19:00.550Z] >>> HTTP REQUEST GET https://servicemanagement.googleapis.com/v1/services/runtimeconfig.googleapis.com/projectSettings/highbrows-26b5b?view=CONSUMER_VIEW  
 Sat Jul 01 2017 14:49:00 GMT+0530 (IST)
[debug] [2017-07-01T09:19:35.489Z] Error: socket hang up
[error] 
[error] Error: Server Error. socket hang up
